#
# There is insufficient memory for the Java Runtime Environment to continue.
# Native memory allocation (malloc) failed to allocate 1863024 bytes for Chunk::new
# Possible reasons:
#   The system is out of physical RAM or swap space
#   In 32 bit mode, the process size limit was hit
# Possible solutions:
#   Reduce memory load on the system
#   Increase physical memory or swap space
#   Check if swap backing store is full
#   Use 64 bit Java on a 64 bit OS
#   Decrease Java heap size (-Xmx/-Xms)
#   Decrease number of Java threads
#   Decrease Java thread stack sizes (-Xss)
#   Set larger code cache with -XX:ReservedCodeCacheSize=
# This output file may be truncated or incomplete.
#
#  Out of Memory Error (allocation.cpp:390), pid=7380, tid=0x0000000000002450
#
# JRE version: OpenJDK Runtime Environment (8.0_76-b03) (build 1.8.0_76-release-b03)
# Java VM: OpenJDK 64-Bit Server VM (25.76-b03 mixed mode windows-amd64 compressed oops)
# Failed to write core dump. Minidumps are not enabled by default on client versions of Windows
#

---------------  T H R E A D  ---------------

Current thread (0x000000005653f000):  JavaThread "C2 CompilerThread1" daemon [_thread_in_native, id=9296, stack(0x0000000058b70000,0x0000000058c70000)]

Stack: [0x0000000058b70000,0x0000000058c70000]
[error occurred during error reporting (printing stack bounds), id 0xc0000005]

Native frames: (J=compiled Java code, j=interpreted, Vv=VM code, C=native code)


Current CompileTask:
C2: 112719 5588   !   4       java.net.URLClassLoader$1::run (63 bytes)


---------------  P R O C E S S  ---------------

Java Threads: ( => current thread )
  0x000000005c73c000 JavaThread "pool-2-thread-1" [_thread_blocked, id=7408, stack(0x000000005e020000,0x000000005e120000)]
  0x000000005a4f3800 JavaThread "File lock request listener" [_thread_in_native, id=4316, stack(0x000000005b4b0000,0x000000005b5b0000)]
  0x000000005a088800 JavaThread "Stdin handler" [_thread_blocked, id=720, stack(0x0000000058320000,0x0000000058420000)]
  0x000000005a07e000 JavaThread "Asynchronous log dispatcher for org.gradle.launcher.daemon.server.DefaultDaemonConnection@55f49d0a" [_thread_blocked, id=3952, stack(0x000000005b5b0000,0x000000005b6b0000)]
  0x000000005a07a000 JavaThread "Daemon worker" [_thread_in_native, id=7920, stack(0x000000005b1d0000,0x000000005b2d0000)]
  0x0000000059285800 JavaThread "Cancel handler" [_thread_blocked, id=4844, stack(0x000000005b360000,0x000000005b460000)]
  0x0000000058882800 JavaThread "Handler for socket connection from /127.0.0.1:50624 to /127.0.0.1:50628" [_thread_in_native, id=8196, stack(0x00000000599e0000,0x0000000059ae0000)]
  0x0000000058881800 JavaThread "Daemon" [_thread_blocked, id=7576, stack(0x0000000058c90000,0x0000000058d90000)]
  0x000000005a2c8800 JavaThread "pool-1-thread-1" [_thread_blocked, id=9280, stack(0x0000000057d60000,0x0000000057e60000)]
  0x0000000059ea1000 JavaThread "Incoming local TCP Connector on port 50624" [_thread_in_native, id=7748, stack(0x000000005aeb0000,0x000000005afb0000)]
  0x00000000587c1800 JavaThread "Service Thread" daemon [_thread_blocked, id=9676, stack(0x0000000058ea0000,0x0000000058fa0000)]
  0x00000000587c0800 JavaThread "C1 CompilerThread2" daemon [_thread_blocked, id=9684, stack(0x0000000058da0000,0x0000000058ea0000)]
=>0x000000005653f000 JavaThread "C2 CompilerThread1" daemon [_thread_in_native, id=9296, stack(0x0000000058b70000,0x0000000058c70000)]
  0x000000005653b000 JavaThread "C2 CompilerThread0" daemon [_thread_in_native, id=4384, stack(0x0000000058660000,0x0000000058760000)]
  0x0000000056534000 JavaThread "Attach Listener" daemon [_thread_blocked, id=8052, stack(0x0000000058430000,0x0000000058530000)]
  0x0000000056532800 JavaThread "Signal Dispatcher" daemon [_thread_blocked, id=1260, stack(0x0000000058220000,0x0000000058320000)]
  0x0000000056517000 JavaThread "Finalizer" daemon [_thread_blocked, id=1576, stack(0x0000000057fc0000,0x00000000580c0000)]
  0x00000000564d0000 JavaThread "Reference Handler" daemon [_thread_blocked, id=8396, stack(0x00000000580c0000,0x00000000581c0000)]
  0x00000000023ae000 JavaThread "main" [_thread_blocked, id=1696, stack(0x0000000002600000,0x0000000002700000)]

Other Threads:
  0x00000000564c8800 VMThread [stack: 0x0000000057e70000,0x0000000057f70000] [id=7636]
  0x00000000587c2800 WatcherThread [stack: 0x00000000590b0000,0x00000000591b0000] [id=2608]

VM state:not at safepoint (normal execution)

VM Mutex/Monitor currently owned by a thread: None

Heap:
 PSYoungGen      total 147456K, used 140474K [0x00000000e0000000, 0x00000000e9f00000, 0x0000000100000000)
  eden space 138752K, 94% used [0x00000000e0000000,0x00000000e80b0dd0,0x00000000e8780000)
  from space 8704K, 99% used [0x00000000e9180000,0x00000000e99fdb88,0x00000000e9a00000)
  to   space 10240K, 0% used [0x00000000e8780000,0x00000000e8780000,0x00000000e9180000)
 ParOldGen       total 45568K, used 18741K [0x00000000a0000000, 0x00000000a2c80000, 0x00000000e0000000)
  object space 45568K, 41% used [0x00000000a0000000,0x00000000a124d448,0x00000000a2c80000)
 Metaspace       used 47326K, capacity 48378K, committed 48808K, reserved 1091584K
  class space    used 6255K, capacity 6533K, committed 6576K, reserved 1048576K

Card table byte_map: [0x0000000011d90000,0x00000000120a0000] byte_map_base: 0x0000000011890000

Marking Bits: (ParMarkBitMap*) 0x0000000057219d00
 Begin Bits: [0x0000000012840000, 0x0000000014040000)
 End Bits:   [0x0000000014040000, 0x0000000015840000)

Polling page: 0x0000000000130000

CodeCache: size=245760Kb used=18371Kb max_used=18377Kb free=227388Kb
 bounds [0x00000000029d0000, 0x0000000003bf0000, 0x00000000119d0000]
 total_blobs=5746 nmethods=5023 adapters=635
 compilation: enabled

Compilation events (10 events):
Event: 111.606 Thread 0x000000005653b000 nmethod 5586 0x0000000002f33e90 code [0x0000000002f33fe0, 0x0000000002f340d8]
Event: 111.607 Thread 0x000000005653f000 nmethod 5585 0x0000000002f43690 code [0x0000000002f438a0, 0x0000000002f439f8]
Event: 111.615 Thread 0x000000005653b000 5587       4       java.net.URLClassLoader$1::run (5 bytes)
Event: 111.668 Thread 0x000000005653f000 5588   !   4       java.net.URLClassLoader$1::run (63 bytes)
Event: 112.163 Thread 0x00000000587c0800 5590       2       java.lang.String::regionMatches (149 bytes)
Event: 112.165 Thread 0x00000000587c0800 nmethod 5590 0x0000000002cc8b90 code [0x0000000002cc8d80, 0x0000000002cc9298]
Event: 112.263 Thread 0x00000000587c0800 5592       2       java.net.URLStreamHandler::equals (45 bytes)
Event: 112.263 Thread 0x00000000587c0800 nmethod 5592 0x0000000002ed0b10 code [0x0000000002ed0c80, 0x0000000002ed0e98]
Event: 112.406 Thread 0x00000000587c0800 5594       1       java.net.InetAddress::holder (5 bytes)
Event: 112.407 Thread 0x00000000587c0800 nmethod 5594 0x00000000031f3bd0 code [0x00000000031f3d20, 0x00000000031f3e30]

GC Heap History (10 events):
Event: 76.285 GC heap before
{Heap before GC invocations=10 (full 1):
 PSYoungGen      total 66560K, used 66458K [0x00000000e0000000, 0x00000000e4c00000, 0x0000000100000000)
  eden space 61952K, 100% used [0x00000000e0000000,0x00000000e3c80000,0x00000000e3c80000)
  from space 4608K, 97% used [0x00000000e4780000,0x00000000e4be6ad0,0x00000000e4c00000)
  to   space 7168K, 0% used [0x00000000e3e00000,0x00000000e3e00000,0x00000000e4500000)
 ParOldGen       total 31232K, used 8705K [0x00000000a0000000, 0x00000000a1e80000, 0x00000000e0000000)
  object space 31232K, 27% used [0x00000000a0000000,0x00000000a08805b8,0x00000000a1e80000)
 Metaspace       used 28038K, capacity 28652K, committed 28848K, reserved 1075200K
  class space    used 3855K, capacity 4002K, committed 4016K, reserved 1048576K
Event: 76.312 GC heap after
Heap after GC invocations=10 (full 1):
 PSYoungGen      total 70656K, used 7148K [0x00000000e0000000, 0x00000000e6c00000, 0x0000000100000000)
  eden space 63488K, 0% used [0x00000000e0000000,0x00000000e0000000,0x00000000e3e00000)
  from space 7168K, 99% used [0x00000000e3e00000,0x00000000e44fb0f8,0x00000000e4500000)
  to   space 8192K, 0% used [0x00000000e6400000,0x00000000e6400000,0x00000000e6c00000)
 ParOldGen       total 31232K, used 8902K [0x00000000a0000000, 0x00000000a1e80000, 0x00000000e0000000)
  object space 31232K, 28% used [0x00000000a0000000,0x00000000a08b1b68,0x00000000a1e80000)
 Metaspace       used 28038K, capacity 28652K, committed 28848K, reserved 1075200K
  class space    used 3855K, capacity 4002K, committed 4016K, reserved 1048576K
}
Event: 84.352 GC heap before
{Heap before GC invocations=11 (full 1):
 PSYoungGen      total 70656K, used 70636K [0x00000000e0000000, 0x00000000e6c00000, 0x0000000100000000)
  eden space 63488K, 100% used [0x00000000e0000000,0x00000000e3e00000,0x00000000e3e00000)
  from space 7168K, 99% used [0x00000000e3e00000,0x00000000e44fb0f8,0x00000000e4500000)
  to   space 8192K, 0% used [0x00000000e6400000,0x00000000e6400000,0x00000000e6c00000)
 ParOldGen       total 31232K, used 8902K [0x00000000a0000000, 0x00000000a1e80000, 0x00000000e0000000)
  object space 31232K, 28% used [0x00000000a0000000,0x00000000a08b1b68,0x00000000a1e80000)
 Metaspace       used 28670K, capacity 29234K, committed 29488K, reserved 1075200K
  class space    used 3891K, capacity 4067K, committed 4144K, reserved 1048576K
Event: 84.364 GC heap after
Heap after GC invocations=11 (full 1):
 PSYoungGen      total 102400K, used 2720K [0x00000000e0000000, 0x00000000e6d00000, 0x0000000100000000)
  eden space 94208K, 0% used [0x00000000e0000000,0x00000000e0000000,0x00000000e5c00000)
  from space 8192K, 33% used [0x00000000e6400000,0x00000000e66a8000,0x00000000e6c00000)
  to   space 8192K, 0% used [0x00000000e5c00000,0x00000000e5c00000,0x00000000e6400000)
 ParOldGen       total 31232K, used 10850K [0x00000000a0000000, 0x00000000a1e80000, 0x00000000e0000000)
  object space 31232K, 34% used [0x00000000a0000000,0x00000000a0a98b98,0x00000000a1e80000)
 Metaspace       used 28670K, capacity 29234K, committed 29488K, reserved 1075200K
  class space    used 3891K, capacity 4067K, committed 4144K, reserved 1048576K
}
Event: 90.978 GC heap before
{Heap before GC invocations=12 (full 1):
 PSYoungGen      total 102400K, used 45200K [0x00000000e0000000, 0x00000000e6d00000, 0x0000000100000000)
  eden space 94208K, 45% used [0x00000000e0000000,0x00000000e297c268,0x00000000e5c00000)
  from space 8192K, 33% used [0x00000000e6400000,0x00000000e66a8000,0x00000000e6c00000)
  to   space 8192K, 0% used [0x00000000e5c00000,0x00000000e5c00000,0x00000000e6400000)
 ParOldGen       total 31232K, used 10850K [0x00000000a0000000, 0x00000000a1e80000, 0x00000000e0000000)
  object space 31232K, 34% used [0x00000000a0000000,0x00000000a0a98b98,0x00000000a1e80000)
 Metaspace       used 34568K, capacity 35252K, committed 35496K, reserved 1079296K
  class space    used 4603K, capacity 4755K, committed 4784K, reserved 1048576K
Event: 91.038 GC heap after
Heap after GC invocations=12 (full 1):
 PSYoungGen      total 102400K, used 6696K [0x00000000e0000000, 0x00000000e9a00000, 0x0000000100000000)
  eden space 94208K, 0% used [0x00000000e0000000,0x00000000e0000000,0x00000000e5c00000)
  from space 8192K, 81% used [0x00000000e5c00000,0x00000000e628a068,0x00000000e6400000)
  to   space 8704K, 0% used [0x00000000e9180000,0x00000000e9180000,0x00000000e9a00000)
 ParOldGen       total 31232K, used 12615K [0x00000000a0000000, 0x00000000a1e80000, 0x00000000e0000000)
  object space 31232K, 40% used [0x00000000a0000000,0x00000000a0c51c68,0x00000000a1e80000)
 Metaspace       used 34568K, capacity 35252K, committed 35496K, reserved 1079296K
  class space    used 4603K, capacity 4755K, committed 4784K, reserved 1048576K
}
Event: 91.038 GC heap before
{Heap before GC invocations=13 (full 2):
 PSYoungGen      total 102400K, used 6696K [0x00000000e0000000, 0x00000000e9a00000, 0x0000000100000000)
  eden space 94208K, 0% used [0x00000000e0000000,0x00000000e0000000,0x00000000e5c00000)
  from space 8192K, 81% used [0x00000000e5c00000,0x00000000e628a068,0x00000000e6400000)
  to   space 8704K, 0% used [0x00000000e9180000,0x00000000e9180000,0x00000000e9a00000)
 ParOldGen       total 31232K, used 12615K [0x00000000a0000000, 0x00000000a1e80000, 0x00000000e0000000)
  object space 31232K, 40% used [0x00000000a0000000,0x00000000a0c51c68,0x00000000a1e80000)
 Metaspace       used 34568K, capacity 35252K, committed 35496K, reserved 1079296K
  class space    used 4603K, capacity 4755K, committed 4784K, reserved 1048576K
Event: 91.249 GC heap after
Heap after GC invocations=13 (full 2):
 PSYoungGen      total 102400K, used 0K [0x00000000e0000000, 0x00000000e9a00000, 0x0000000100000000)
  eden space 94208K, 0% used [0x00000000e0000000,0x00000000e0000000,0x00000000e5c00000)
  from space 8192K, 0% used [0x00000000e5c00000,0x00000000e5c00000,0x00000000e6400000)
  to   space 8704K, 0% used [0x00000000e9180000,0x00000000e9180000,0x00000000e9a00000)
 ParOldGen       total 45568K, used 17807K [0x00000000a0000000, 0x00000000a2c80000, 0x00000000e0000000)
  object space 45568K, 39% used [0x00000000a0000000,0x00000000a1163e68,0x00000000a2c80000)
 Metaspace       used 34541K, capacity 35164K, committed 35496K, reserved 1079296K
  class space    used 4595K, capacity 4747K, committed 4784K, reserved 1048576K
}
Event: 98.905 GC heap before
{Heap before GC invocations=14 (full 2):
 PSYoungGen      total 102400K, used 94208K [0x00000000e0000000, 0x00000000e9a00000, 0x0000000100000000)
  eden space 94208K, 100% used [0x00000000e0000000,0x00000000e5c00000,0x00000000e5c00000)
  from space 8192K, 0% used [0x00000000e5c00000,0x00000000e5c00000,0x00000000e6400000)
  to   space 8704K, 0% used [0x00000000e9180000,0x00000000e9180000,0x00000000e9a00000)
 ParOldGen       total 45568K, used 17807K [0x00000000a0000000, 0x00000000a2c80000, 0x00000000e0000000)
  object space 45568K, 39% used [0x00000000a0000000,0x00000000a1163e68,0x00000000a2c80000)
 Metaspace       used 39060K, capacity 39888K, committed 40232K, reserved 1083392K
  class space    used 5198K, capacity 5380K, committed 5424K, reserved 1048576K
Event: 99.577 GC heap after
Heap after GC invocations=14 (full 2):
 PSYoungGen      total 147456K, used 8694K [0x00000000e0000000, 0x00000000e9f00000, 0x0000000100000000)
  eden space 138752K, 0% used [0x00000000e0000000,0x00000000e0000000,0x00000000e8780000)
  from space 8704K, 99% used [0x00000000e9180000,0x00000000e99fdb88,0x00000000e9a00000)
  to   space 10240K, 0% used [0x00000000e8780000,0x00000000e8780000,0x00000000e9180000)
 ParOldGen       total 45568K, used 18741K [0x00000000a0000000, 0x00000000a2c80000, 0x00000000e0000000)
  object space 45568K, 41% used [0x00000000a0000000,0x00000000a124d448,0x00000000a2c80000)
 Metaspace       used 39060K, capacity 39888K, committed 40232K, reserved 1083392K
  class space    used 5198K, capacity 5380K, committed 5424K, reserved 1048576K
}

Deoptimization events (10 events):
Event: 104.472 Thread 0x000000005a07a000 Uncommon trap: reason=unstable_if action=reinterpret pc=0x0000000002de07c8 method=java.util.regex.Pattern$NotBehind.match(Ljava/util/regex/Matcher;ILjava/lang/CharSequence;)Z @ 128
Event: 106.178 Thread 0x000000005a07a000 Uncommon trap: reason=unstable_if action=reinterpret pc=0x000000000327c528 method=java.util.regex.Pattern$BitClass.isSatisfiedBy(I)Z @ 4
Event: 110.865 Thread 0x000000005a07a000 Uncommon trap: reason=unstable_if action=reinterpret pc=0x0000000003a069e4 method=java.util.regex.Pattern.newSlice([IIZ)Ljava/util/regex/Pattern$Node; @ 10
Event: 110.922 Thread 0x000000005a07a000 Uncommon trap: reason=bimorphic action=maybe_recompile pc=0x000000000395c1ec method=java.util.AbstractList$Itr.next()Ljava/lang/Object; @ 14
Event: 111.143 Thread 0x000000005a07a000 Uncommon trap: reason=unstable_if action=reinterpret pc=0x0000000002e60210 method=sun.nio.cs.UTF_8$Decoder.decodeArrayLoop(Ljava/nio/ByteBuffer;Ljava/nio/CharBuffer;)Ljava/nio/charset/CoderResult; @ 84
Event: 111.153 Thread 0x000000005a07a000 Uncommon trap: reason=unstable_if action=reinterpret pc=0x0000000002b10340 method=java.lang.CharacterData.of(I)Ljava/lang/CharacterData; @ 4
Event: 111.167 Thread 0x000000005a07a000 Uncommon trap: reason=unstable_if action=reinterpret pc=0x0000000003bbc314 method=java.io.BufferedReader.read()I @ 19
Event: 111.285 Thread 0x000000005a07a000 Uncommon trap: reason=unstable_if action=reinterpret pc=0x0000000003bbad44 method=org.apache.http.conn.util.PublicSuffixListParser.readLine(Ljava/io/Reader;Ljava/lang/StringBuilder;)Z @ 15
Event: 111.289 Thread 0x000000005a07a000 Uncommon trap: reason=unstable_if action=reinterpret pc=0x00000000031ec10c method=java.util.concurrent.ConcurrentHashMap.putVal(Ljava/lang/Object;Ljava/lang/Object;Z)Ljava/lang/Object; @ 195
Event: 112.302 Thread 0x000000005a07a000 Uncommon trap: reason=unstable_if action=reinterpret pc=0x000000000339d288 method=java.net.URI$Parser.scan(IILjava/lang/String;Ljava/lang/String;)I @ 23

Internal exceptions (10 events):
Event: 106.610 Thread 0x000000005a07a000 Exception <a 'sun/nio/fs/WindowsException'> (0x00000000e363e4b0) thrown at [C:\src\android\AOSP-openjdk\external\jetbrains\jdk\hotspot\src\share\vm\prims\jni.cpp, line 709]
Event: 106.610 Thread 0x000000005a07a000 Exception <a 'sun/nio/fs/WindowsException'> (0x00000000e363ee00) thrown at [C:\src\android\AOSP-openjdk\external\jetbrains\jdk\hotspot\src\share\vm\prims\jni.cpp, line 709]
Event: 106.610 Thread 0x000000005a07a000 Exception <a 'sun/nio/fs/WindowsException'> (0x00000000e36403c0) thrown at [C:\src\android\AOSP-openjdk\external\jetbrains\jdk\hotspot\src\share\vm\prims\jni.cpp, line 709]
Event: 106.610 Thread 0x000000005a07a000 Exception <a 'sun/nio/fs/WindowsException'> (0x00000000e3640d48) thrown at [C:\src\android\AOSP-openjdk\external\jetbrains\jdk\hotspot\src\share\vm\prims\jni.cpp, line 709]
Event: 108.000 Thread 0x000000005a07a000 Exception <a 'java/lang/NoSuchMethodError': java.lang.Object.lambda$comparing$77a9974f$1(Ljava/util/function/Function;Ljava/lang/Object;Ljava/lang/Object;)I> (0x00000000e6370638) thrown at [C:\src\android\AOSP-openjdk\external\jetbrains\jdk\hotspot\src\shab©DP
Event: 108.005 Thread 0x000000005a07a000 Exception <a 'java/lang/NoSuchMethodError': java.lang.Object.lambda$thenComparing$36697e65$1(Ljava/util/Comparator;Ljava/lang/Object;Ljava/lang/Object;)I> (0x00000000e63873f0) thrown at [C:\src\android\AOSP-openjdk\external\jetbrains\jdk\hotspot\src\share\&AÜ+2[@
Event: 108.112 Thread 0x000000005a07a000 Exception <a 'java/lang/NoSuchMethodError': java.lang.Object.lambda$maxBy$1(Ljava/util/Comparator;Ljava/lang/Object;Ljava/lang/Object;)Ljava/lang/Object;> (0x00000000e6421e98) thrown at [C:\src\android\AOSP-openjdk\external\jetbrains\jdk\hotspot\src\share\ü{²9A[@
Event: 109.019 Thread 0x000000005a07a000 Exception <a 'sun/nio/fs/WindowsException'> (0x00000000e65d6700) thrown at [C:\src\android\AOSP-openjdk\external\jetbrains\jdk\hotspot\src\share\vm\prims\jni.cpp, line 709]
Event: 109.020 Thread 0x000000005a07a000 Exception <a 'sun/nio/fs/WindowsException'> (0x00000000e65d8d40) thrown at [C:\src\android\AOSP-openjdk\external\jetbrains\jdk\hotspot\src\share\vm\prims\jni.cpp, line 709]
Event: 109.020 Thread 0x000000005a07a000 Exception <a 'sun/nio/fs/WindowsException'> (0x00000000e65db1d0) thrown at [C:\src\android\AOSP-openjdk\external\jetbrains\jdk\hotspot\src\share\vm\prims\jni.cpp, line 709]

Events (10 events):
Event: 112.406 Executing VM operation: RevokeBias
Event: 112.406 Executing VM operation: RevokeBias done
Event: 112.406 loading class sun/net/InetAddressCachePolicy
Event: 112.407 loading class sun/net/InetAddressCachePolicy done
Event: 112.407 loading class sun/net/InetAddressCachePolicy$1
Event: 112.407 loading class sun/net/InetAddressCachePolicy$1 done
Event: 112.407 loading class sun/net/InetAddressCachePolicy$2
Event: 112.416 loading class sun/net/InetAddressCachePolicy$2 done
Event: 112.416 loading class java/net/InetAddress$CacheEntry
Event: 112.416 loading class java/net/InetAddress$CacheEntry done


Dynamic libraries:
0x000000013f8e0000 - 0x000000013f911000 	C:\Program Files\Android\Android Studio\jre\bin\java.exe
0x00000000777f0000 - 0x0000000077998000 	C:\Windows\SYSTEM32\ntdll.dll
0x00000000775d0000 - 0x00000000776ef000 	C:\Windows\system32\kernel32.dll
0x000007fefd5d0000 - 0x000007fefd63c000 	C:\Windows\system32\KERNELBASE.dll
0x000007fefd970000 - 0x000007fefda4b000 	C:\Windows\system32\ADVAPI32.dll
0x000007fefda50000 - 0x000007fefdaef000 	C:\Windows\system32\msvcrt.dll
0x000007fefdaf0000 - 0x000007fefdb0f000 	C:\Windows\SYSTEM32\sechost.dll
0x000007feff380000 - 0x000007feff4ad000 	C:\Windows\system32\RPCRT4.dll
0x00000000776f0000 - 0x00000000777ea000 	C:\Windows\system32\USER32.dll
0x000007fefe8d0000 - 0x000007fefe937000 	C:\Windows\system32\GDI32.dll
0x000007fefea20000 - 0x000007fefea2e000 	C:\Windows\system32\LPK.dll
0x000007feff2b0000 - 0x000007feff379000 	C:\Windows\system32\USP10.dll
0x000007fefbfc0000 - 0x000007fefc1b4000 	C:\Windows\WinSxS\amd64_microsoft.windows.common-controls_6595b64144ccf1df_6.0.7601.17514_none_fa396087175ac9ac\COMCTL32.dll
0x000007fefef00000 - 0x000007fefef71000 	C:\Windows\system32\SHLWAPI.dll
0x000007fefe8a0000 - 0x000007fefe8ce000 	C:\Windows\system32\IMM32.DLL
0x000007feff4d0000 - 0x000007feff5d9000 	C:\Windows\system32\MSCTF.dll
0x000000006aa90000 - 0x000000006ab62000 	C:\Program Files\Android\Android Studio\jre\jre\bin\msvcr100.dll
0x0000000056a60000 - 0x0000000057294000 	C:\Program Files\Android\Android Studio\jre\jre\bin\server\jvm.dll
0x000007fefb0f0000 - 0x000007fefb0f9000 	C:\Windows\system32\WSOCK32.dll
0x000007feff260000 - 0x000007feff2ad000 	C:\Windows\system32\WS2_32.dll
0x000007fefeef0000 - 0x000007fefeef8000 	C:\Windows\system32\NSI.dll
0x000007fefb470000 - 0x000007fefb4ab000 	C:\Windows\system32\WINMM.dll
0x000007fefc650000 - 0x000007fefc65c000 	C:\Windows\system32\VERSION.dll
0x00000000779c0000 - 0x00000000779c7000 	C:\Windows\system32\PSAPI.DLL
0x000007fefb200000 - 0x000007fefb20f000 	C:\Program Files\Android\Android Studio\jre\jre\bin\verify.dll
0x000007fef8460000 - 0x000007fef8489000 	C:\Program Files\Android\Android Studio\jre\jre\bin\java.dll
0x000007fefb1e0000 - 0x000007fefb1f6000 	C:\Program Files\Android\Android Studio\jre\jre\bin\zip.dll
0x000007fefdb10000 - 0x000007fefe899000 	C:\Windows\system32\SHELL32.dll
0x000007fefece0000 - 0x000007fefeee3000 	C:\Windows\system32\ole32.dll
0x000007fefd5b0000 - 0x000007fefd5bf000 	C:\Windows\system32\profapi.dll
0x000007fef84a0000 - 0x000007fef84ba000 	C:\Program Files\Android\Android Studio\jre\jre\bin\net.dll
0x000007fefcd90000 - 0x000007fefcde5000 	C:\Windows\system32\mswsock.dll
0x000007fefcd80000 - 0x000007fefcd87000 	C:\Windows\System32\wship6.dll
0x000007fef8440000 - 0x000007fef8451000 	C:\Program Files\Android\Android Studio\jre\jre\bin\nio.dll
0x000007fef5c60000 - 0x000007fef5c72000 	C:\Users\nosotros\.gradle\native\19\windows-amd64\native-platform.dll
0x000007fefcdf0000 - 0x000007fefce08000 	C:\Windows\system32\CRYPTSP.dll
0x000007fefcaf0000 - 0x000007fefcb37000 	C:\Windows\system32\rsaenh.dll
0x000007fefd910000 - 0x000007fefd92e000 	C:\Windows\system32\USERENV.dll
0x000007fefd450000 - 0x000007fefd45f000 	C:\Windows\system32\CRYPTBASE.dll
0x000007fefaf70000 - 0x000007fefaf97000 	C:\Windows\system32\IPHLPAPI.DLL
0x000007fefaf50000 - 0x000007fefaf5b000 	C:\Windows\system32\WINNSI.DLL
0x000007fefa920000 - 0x000007fefa938000 	C:\Windows\system32\dhcpcsvc.DLL
0x000007fefa900000 - 0x000007fefa911000 	C:\Windows\system32\dhcpcsvc6.DLL
0x000007fefb190000 - 0x000007fefb19d000 	C:\Program Files\Android\Android Studio\jre\jre\bin\management.dll
0x000007fefd3f0000 - 0x000007fefd447000 	C:\Windows\system32\apphelp.dll
0x000007fef5e10000 - 0x000007fef5e34000 	C:\Program Files\Android\Android Studio\jre\jre\bin\sunec.dll
0x000007fefc720000 - 0x000007fefc727000 	C:\Windows\System32\wshtcpip.dll
0x000007fefcc10000 - 0x000007fefcc6b000 	C:\Windows\system32\DNSAPI.dll
0x000007fef85d0000 - 0x000007fef85fe000 	C:\Program Files\Common Files\Microsoft Shared\Windows Live\WLIDNSP.DLL
0x000007fef84e0000 - 0x000007fef84e8000 	C:\Windows\system32\rasadhlp.dll

VM Arguments:
jvm_args: -Xmx1536m -Dfile.encoding=windows-1252 -Duser.country=AR -Duser.language=es -Duser.variant 
java_command: org.gradle.launcher.daemon.bootstrap.GradleDaemon 2.14.1
java_class_path (initial): C:\Program Files\Android\Android Studio\gradle\gradle-2.14.1\lib\gradle-launcher-2.14.1.jar
Launcher Type: SUN_STANDARD

Environment Variables:
JAVA_HOME=C:\Program Files\Java\jdk1.8.0_11
PATH=C:\Program Files\Common Files\Microsoft Shared\Windows Live;C:\Program Files (x86)\Common Files\Microsoft Shared\Windows Live;C:\Python27\;C:\Python27\Scripts;C:\ProgramData\Oracle\Java\javapath;C:\Program Files (x86)\PC Connectivity Solution\;C:\Program Files\Common Files\Microsoft Shared\Windows Live;C:\Program Files (x86)\CodeBlocks\MinGW\bin;C:\Program Files (x86)\Common Files\Microsoft Shared\Windows Live;C:\Windows\system32;C:\Windows;C:\Windows\System32\Wbem;C:\Windows\System32\WindowsPowerShell\v1.0\;C:\Program Files (x86)\Sony\VAIO Startup Setting Tool;C:\Program Files (x86)\Windows Live\Shared;C:\Program Files\MATLAB\R2011a\runtime\win64;C:\Program Files\MATLAB\R2011a\bin;C:\Program Files\TortoiseHg\;C:\sqlite;C:\Program Files\Java\jdk1.8.0_11\bin\;C:\Program Files (x86)\Windows Kits\8.1\Windows Performance Toolkit\;C:\Program Files\Microsoft SQL Server\110\Tools\Binn\;C:\Program Files (x86)\Microsoft SDKs\TypeScript\1.0\;C:\Program Files\Microsoft SQL Server\120\Tools\Binn\;C:\Program Files (x86)\Digilent\AdeptUtilities
USERNAME=nosotros
OS=Windows_NT
PROCESSOR_IDENTIFIER=Intel64 Family 6 Model 42 Stepping 7, GenuineIntel



---------------  S Y S T E M  ---------------

OS: Windows 7 , 64 bit Build 7601 (6.1.7601.18798)

CPU:total 4 (2 cores per cpu, 2 threads per core) family 6 model 42 stepping 7, cmov, cx8, fxsr, mmx, sse, sse2, sse3, ssse3, sse4.1, sse4.2, popcnt, avx, clmul, ht, tsc, tscinvbit

Memory: 4k page, physical 4140912k(410960k free), swap 8885900k(5964k free)

vm_info: OpenJDK 64-Bit Server VM (25.76-b03) for windows-amd64 JRE (1.8.0_76-release-b03), built on Jun 29 2016 19:09:20 by "ralucas" with MS VC++ 10.0 (VS2010)

time: Thu Feb 02 18:42:36 2017
elapsed time: 112 seconds (0d 0h 1m 52s)

